Running with dbt=1.9.10
Registered adapter: postgres=1.9.1
[[33mWARNING[0m]: Configuration paths exist in your dbt_project.yml file which do not apply to any resources.
There are 2 unused configuration paths:
- models.jaffle_shop.staging
- models.jaffle_shop
Found 7 models, 3 seeds, 20 data tests, 1 source, 447 macros

Concurrency: 4 threads (target='dev')

1 of 30 START sql view model analytics.stg_champions ........................... [RUN]
2 of 30 START seed file analytics.raw_customers ................................ [RUN]
3 of 30 START seed file analytics.raw_orders ................................... [RUN]
4 of 30 START seed file analytics.raw_payments ................................. [RUN]
1 of 30 OK created sql view model analytics.stg_champions ...................... [[32mCREATE VIEW[0m in 0.91s]
3 of 30 OK loaded seed file analytics.raw_orders ............................... [[32mINSERT 99[0m in 0.90s]
2 of 30 OK loaded seed file analytics.raw_customers ............................ [[32mINSERT 100[0m in 0.91s]
4 of 30 OK loaded seed file analytics.raw_payments ............................. [[32mINSERT 113[0m in 0.90s]
5 of 30 START sql view model analytics.champions_test .......................... [RUN]
6 of 30 START sql view model analytics.stg_orders .............................. [RUN]
7 of 30 START sql view model analytics.stg_customers ........................... [RUN]
8 of 30 START sql view model analytics.stg_payments ............................ [RUN]
5 of 30 OK created sql view model analytics.champions_test ..................... [[32mCREATE VIEW[0m in 0.27s]
6 of 30 OK created sql view model analytics.stg_orders ......................... [[32mCREATE VIEW[0m in 0.27s]
9 of 30 START test accepted_values_stg_orders_status__placed__shipped__completed__return_pending__returned  [RUN]
10 of 30 START test not_null_stg_orders_order_id ............................... [RUN]
8 of 30 OK created sql view model analytics.stg_payments ....................... [[32mCREATE VIEW[0m in 0.34s]
7 of 30 OK created sql view model analytics.stg_customers ...................... [[32mCREATE VIEW[0m in 0.35s]
11 of 30 START test unique_stg_orders_order_id ................................. [RUN]
12 of 30 START test accepted_values_stg_payments_payment_method__credit_card__coupon__bank_transfer__gift_card  [RUN]
9 of 30 PASS accepted_values_stg_orders_status__placed__shipped__completed__return_pending__returned  [[32mPASS[0m in 0.20s]
10 of 30 PASS not_null_stg_orders_order_id ..................................... [[32mPASS[0m in 0.20s]
13 of 30 START test not_null_stg_payments_payment_id ........................... [RUN]
14 of 30 START test unique_stg_payments_payment_id ............................. [RUN]
11 of 30 PASS unique_stg_orders_order_id ....................................... [[32mPASS[0m in 0.14s]
12 of 30 PASS accepted_values_stg_payments_payment_method__credit_card__coupon__bank_transfer__gift_card  [[32mPASS[0m in 0.14s]
15 of 30 START test not_null_stg_customers_customer_id ......................... [RUN]
16 of 30 START test unique_stg_customers_customer_id ........................... [RUN]
13 of 30 PASS not_null_stg_payments_payment_id ................................. [[32mPASS[0m in 0.13s]
14 of 30 PASS unique_stg_payments_payment_id ................................... [[32mPASS[0m in 0.13s]
17 of 30 START sql view model analytics.orders ................................. [RUN]
15 of 30 PASS not_null_stg_customers_customer_id ............................... [[32mPASS[0m in 0.12s]
16 of 30 PASS unique_stg_customers_customer_id ................................. [[32mPASS[0m in 0.12s]
18 of 30 START sql view model analytics.customers .............................. [RUN]
17 of 30 OK created sql view model analytics.orders ............................ [[32mCREATE VIEW[0m in 0.11s]
19 of 30 START test accepted_values_orders_status__placed__shipped__completed__return_pending__returned  [RUN]
20 of 30 START test not_null_orders_amount ..................................... [RUN]
21 of 30 START test not_null_orders_bank_transfer_amount ....................... [RUN]
18 of 30 OK created sql view model analytics.customers ......................... [[32mCREATE VIEW[0m in 0.16s]
22 of 30 START test not_null_orders_coupon_amount .............................. [RUN]
20 of 30 PASS not_null_orders_amount ........................................... [[32mPASS[0m in 0.14s]
23 of 30 START test not_null_orders_credit_card_amount ......................... [RUN]
19 of 30 PASS accepted_values_orders_status__placed__shipped__completed__return_pending__returned  [[32mPASS[0m in 0.16s]
21 of 30 PASS not_null_orders_bank_transfer_amount ............................. [[32mPASS[0m in 0.15s]
24 of 30 START test not_null_orders_customer_id ................................ [RUN]
25 of 30 START test not_null_orders_gift_card_amount ........................... [RUN]
22 of 30 PASS not_null_orders_coupon_amount .................................... [[32mPASS[0m in 0.13s]
26 of 30 START test not_null_orders_order_id ................................... [RUN]
23 of 30 PASS not_null_orders_credit_card_amount ............................... [[32mPASS[0m in 0.14s]
27 of 30 START test unique_orders_order_id ..................................... [RUN]
25 of 30 PASS not_null_orders_gift_card_amount ................................. [[32mPASS[0m in 0.13s]
24 of 30 PASS not_null_orders_customer_id ...................................... [[32mPASS[0m in 0.14s]
28 of 30 START test not_null_customers_customer_id ............................. [RUN]
29 of 30 START test relationships_orders_customer_id__customer_id__ref_customers_  [RUN]
26 of 30 PASS not_null_orders_order_id ......................................... [[32mPASS[0m in 0.15s]
30 of 30 START test unique_customers_customer_id ............................... [RUN]
27 of 30 PASS unique_orders_order_id ........................................... [[32mPASS[0m in 0.14s]
29 of 30 PASS relationships_orders_customer_id__customer_id__ref_customers_ .... [[32mPASS[0m in 0.13s]
28 of 30 PASS not_null_customers_customer_id ................................... [[32mPASS[0m in 0.14s]
30 of 30 PASS unique_customers_customer_id ..................................... [[32mPASS[0m in 0.09s]

Finished running 3 seeds, 20 data tests, 7 view models in 0 hours 0 minutes and 3.05 seconds (3.05s).

[32mCompleted successfully[0m

Done. PASS=30 WARN=0 ERROR=0 SKIP=0 TOTAL=30
