[32m2025-10-28 14:51:33 +0000[0m - dagster - [34mDEBUG[0m - __ASSET_JOB - 93a4747d-f4f4-492f-b314-0a5537591e10 - 118485 - LOGS_CAPTURED - Started capturing logs in process (pid: 118485).
[32m2025-10-28 14:51:33 +0000[0m - dagster - [34mDEBUG[0m - __ASSET_JOB - 93a4747d-f4f4-492f-b314-0a5537591e10 - 118485 - jaffle_shop_dbt_assets - STEP_START - Started execution of step "jaffle_shop_dbt_assets".
[32m2025-10-28 14:51:33 +0000[0m - dagster - [34mINFO[0m - __ASSET_JOB - 93a4747d-f4f4-492f-b314-0a5537591e10 - jaffle_shop_dbt_assets - A dbt subsetted execution is not being performed. Using the default dbt selection arguments `['--select', 'fqn:*']`.
[32m2025-10-28 14:51:41 +0000[0m - dagster - [34mINFO[0m - __ASSET_JOB - 93a4747d-f4f4-492f-b314-0a5537591e10 - jaffle_shop_dbt_assets - Copying `/home/usuario/GCCE-2526/dbt_/target/partial_parse.msgpack` to `/home/usuario/GCCE-2526/dbt_/target/jaffle_shop_dbt_assets-93a4747-893b401/partial_parse.msgpack` to take advantage of partial parsing.
[32m2025-10-28 14:51:41 +0000[0m - dagster - [34mINFO[0m - __ASSET_JOB - 93a4747d-f4f4-492f-b314-0a5537591e10 - jaffle_shop_dbt_assets - Running dbt command: `dbt build --select fqn:*`.
[32m2025-10-28 14:51:51 +0000[0m - dagster - [34mDEBUG[0m - __ASSET_JOB - 93a4747d-f4f4-492f-b314-0a5537591e10 - 118485 - jaffle_shop_dbt_assets - STEP_OUTPUT - Yielded output "stg_champions" of type "Nothing". (Type check passed).
[32m2025-10-28 14:51:51 +0000[0m - dagster - [34mDEBUG[0m - __ASSET_JOB - 93a4747d-f4f4-492f-b314-0a5537591e10 - 118485 - jaffle_shop_dbt_assets - ASSET_MATERIALIZATION - Materialized value stg_champions.
[32m2025-10-28 14:51:51 +0000[0m - dagster - [34mDEBUG[0m - __ASSET_JOB - 93a4747d-f4f4-492f-b314-0a5537591e10 - 118485 - jaffle_shop_dbt_assets - STEP_OUTPUT - Yielded output "raw_orders" of type "Nothing". (Type check passed).
[32m2025-10-28 14:51:51 +0000[0m - dagster - [34mDEBUG[0m - __ASSET_JOB - 93a4747d-f4f4-492f-b314-0a5537591e10 - 118485 - jaffle_shop_dbt_assets - ASSET_MATERIALIZATION - Materialized value raw_orders.
[32m2025-10-28 14:51:51 +0000[0m - dagster - [34mDEBUG[0m - __ASSET_JOB - 93a4747d-f4f4-492f-b314-0a5537591e10 - 118485 - jaffle_shop_dbt_assets - STEP_OUTPUT - Yielded output "raw_customers" of type "Nothing". (Type check passed).
[32m2025-10-28 14:51:51 +0000[0m - dagster - [34mDEBUG[0m - __ASSET_JOB - 93a4747d-f4f4-492f-b314-0a5537591e10 - 118485 - jaffle_shop_dbt_assets - ASSET_MATERIALIZATION - Materialized value raw_customers.
[32m2025-10-28 14:51:51 +0000[0m - dagster - [34mDEBUG[0m - __ASSET_JOB - 93a4747d-f4f4-492f-b314-0a5537591e10 - 118485 - jaffle_shop_dbt_assets - STEP_OUTPUT - Yielded output "raw_payments" of type "Nothing". (Type check passed).
[32m2025-10-28 14:51:51 +0000[0m - dagster - [34mDEBUG[0m - __ASSET_JOB - 93a4747d-f4f4-492f-b314-0a5537591e10 - 118485 - jaffle_shop_dbt_assets - ASSET_MATERIALIZATION - Materialized value raw_payments.
[32m2025-10-28 14:51:51 +0000[0m - dagster - [34mDEBUG[0m - __ASSET_JOB - 93a4747d-f4f4-492f-b314-0a5537591e10 - 118485 - jaffle_shop_dbt_assets - STEP_OUTPUT - Yielded output "champions_test" of type "Nothing". (Type check passed).
[32m2025-10-28 14:51:51 +0000[0m - dagster - [34mDEBUG[0m - __ASSET_JOB - 93a4747d-f4f4-492f-b314-0a5537591e10 - 118485 - jaffle_shop_dbt_assets - ASSET_MATERIALIZATION - Materialized value champions_test.
[32m2025-10-28 14:51:51 +0000[0m - dagster - [34mDEBUG[0m - __ASSET_JOB - 93a4747d-f4f4-492f-b314-0a5537591e10 - 118485 - jaffle_shop_dbt_assets - STEP_OUTPUT - Yielded output "stg_orders" of type "Nothing". (Type check passed).
[32m2025-10-28 14:51:51 +0000[0m - dagster - [34mDEBUG[0m - __ASSET_JOB - 93a4747d-f4f4-492f-b314-0a5537591e10 - 118485 - jaffle_shop_dbt_assets - ASSET_MATERIALIZATION - Materialized value stg_orders.
[32m2025-10-28 14:51:51 +0000[0m - dagster - [34mDEBUG[0m - __ASSET_JOB - 93a4747d-f4f4-492f-b314-0a5537591e10 - 118485 - jaffle_shop_dbt_assets - STEP_OUTPUT - Yielded output "stg_payments" of type "Nothing". (Type check passed).
[32m2025-10-28 14:51:51 +0000[0m - dagster - [34mDEBUG[0m - __ASSET_JOB - 93a4747d-f4f4-492f-b314-0a5537591e10 - 118485 - jaffle_shop_dbt_assets - ASSET_MATERIALIZATION - Materialized value stg_payments.
[32m2025-10-28 14:51:51 +0000[0m - dagster - [34mDEBUG[0m - __ASSET_JOB - 93a4747d-f4f4-492f-b314-0a5537591e10 - 118485 - jaffle_shop_dbt_assets - STEP_OUTPUT - Yielded output "stg_customers" of type "Nothing". (Type check passed).
[32m2025-10-28 14:51:52 +0000[0m - dagster - [34mDEBUG[0m - __ASSET_JOB - 93a4747d-f4f4-492f-b314-0a5537591e10 - 118485 - jaffle_shop_dbt_assets - ASSET_MATERIALIZATION - Materialized value stg_customers.
[32m2025-10-28 14:51:52 +0000[0m - dagster - [34mDEBUG[0m - __ASSET_JOB - 93a4747d-f4f4-492f-b314-0a5537591e10 - 118485 - jaffle_shop_dbt_assets - STEP_OUTPUT - Yielded output "stg_orders_accepted_values_stg_orders_status__placed__shipped__completed__return_pending__returned" of type "Any". (Type check passed).
[32m2025-10-28 14:51:52 +0000[0m - dagster - [34mDEBUG[0m - __ASSET_JOB - 93a4747d-f4f4-492f-b314-0a5537591e10 - 118485 - jaffle_shop_dbt_assets - ASSET_CHECK_EVALUATION - Asset check 'accepted_values_stg_orders_status__placed__shipped__completed__return_pending__returned' on 'stg_orders' passed.
[32m2025-10-28 14:51:52 +0000[0m - dagster - [34mDEBUG[0m - __ASSET_JOB - 93a4747d-f4f4-492f-b314-0a5537591e10 - 118485 - jaffle_shop_dbt_assets - STEP_OUTPUT - Yielded output "stg_orders_not_null_stg_orders_order_id" of type "Any". (Type check passed).
[32m2025-10-28 14:51:52 +0000[0m - dagster - [34mDEBUG[0m - __ASSET_JOB - 93a4747d-f4f4-492f-b314-0a5537591e10 - 118485 - jaffle_shop_dbt_assets - ASSET_CHECK_EVALUATION - Asset check 'not_null_stg_orders_order_id' on 'stg_orders' passed.
[32m2025-10-28 14:51:52 +0000[0m - dagster - [34mDEBUG[0m - __ASSET_JOB - 93a4747d-f4f4-492f-b314-0a5537591e10 - 118485 - jaffle_shop_dbt_assets - STEP_OUTPUT - Yielded output "stg_orders_unique_stg_orders_order_id" of type "Any". (Type check passed).
[32m2025-10-28 14:51:52 +0000[0m - dagster - [34mDEBUG[0m - __ASSET_JOB - 93a4747d-f4f4-492f-b314-0a5537591e10 - 118485 - jaffle_shop_dbt_assets - ASSET_CHECK_EVALUATION - Asset check 'unique_stg_orders_order_id' on 'stg_orders' passed.
[32m2025-10-28 14:51:52 +0000[0m - dagster - [34mDEBUG[0m - __ASSET_JOB - 93a4747d-f4f4-492f-b314-0a5537591e10 - 118485 - jaffle_shop_dbt_assets - STEP_OUTPUT - Yielded output "stg_payments_accepted_values_stg_payments_payment_method__credit_card__coupon__bank_transfer__gift_card" of type "Any". (Type check passed).
[32m2025-10-28 14:51:52 +0000[0m - dagster - [34mDEBUG[0m - __ASSET_JOB - 93a4747d-f4f4-492f-b314-0a5537591e10 - 118485 - jaffle_shop_dbt_assets - ASSET_CHECK_EVALUATION - Asset check 'accepted_values_stg_payments_payment_method__credit_card__coupon__bank_transfer__gift_card' on 'stg_payments' passed.
[32m2025-10-28 14:51:52 +0000[0m - dagster - [34mDEBUG[0m - __ASSET_JOB - 93a4747d-f4f4-492f-b314-0a5537591e10 - 118485 - jaffle_shop_dbt_assets - STEP_OUTPUT - Yielded output "stg_payments_not_null_stg_payments_payment_id" of type "Any". (Type check passed).
[32m2025-10-28 14:51:52 +0000[0m - dagster - [34mDEBUG[0m - __ASSET_JOB - 93a4747d-f4f4-492f-b314-0a5537591e10 - 118485 - jaffle_shop_dbt_assets - ASSET_CHECK_EVALUATION - Asset check 'not_null_stg_payments_payment_id' on 'stg_payments' passed.
[32m2025-10-28 14:51:52 +0000[0m - dagster - [34mDEBUG[0m - __ASSET_JOB - 93a4747d-f4f4-492f-b314-0a5537591e10 - 118485 - jaffle_shop_dbt_assets - STEP_OUTPUT - Yielded output "stg_payments_unique_stg_payments_payment_id" of type "Any". (Type check passed).
[32m2025-10-28 14:51:52 +0000[0m - dagster - [34mDEBUG[0m - __ASSET_JOB - 93a4747d-f4f4-492f-b314-0a5537591e10 - 118485 - jaffle_shop_dbt_assets - ASSET_CHECK_EVALUATION - Asset check 'unique_stg_payments_payment_id' on 'stg_payments' passed.
[32m2025-10-28 14:51:52 +0000[0m - dagster - [34mDEBUG[0m - __ASSET_JOB - 93a4747d-f4f4-492f-b314-0a5537591e10 - 118485 - jaffle_shop_dbt_assets - STEP_OUTPUT - Yielded output "stg_customers_not_null_stg_customers_customer_id" of type "Any". (Type check passed).
[32m2025-10-28 14:51:52 +0000[0m - dagster - [34mDEBUG[0m - __ASSET_JOB - 93a4747d-f4f4-492f-b314-0a5537591e10 - 118485 - jaffle_shop_dbt_assets - ASSET_CHECK_EVALUATION - Asset check 'not_null_stg_customers_customer_id' on 'stg_customers' passed.
[32m2025-10-28 14:51:52 +0000[0m - dagster - [34mDEBUG[0m - __ASSET_JOB - 93a4747d-f4f4-492f-b314-0a5537591e10 - 118485 - jaffle_shop_dbt_assets - STEP_OUTPUT - Yielded output "stg_customers_unique_stg_customers_customer_id" of type "Any". (Type check passed).
[32m2025-10-28 14:51:52 +0000[0m - dagster - [34mDEBUG[0m - __ASSET_JOB - 93a4747d-f4f4-492f-b314-0a5537591e10 - 118485 - jaffle_shop_dbt_assets - ASSET_CHECK_EVALUATION - Asset check 'unique_stg_customers_customer_id' on 'stg_customers' passed.
[32m2025-10-28 14:51:52 +0000[0m - dagster - [34mDEBUG[0m - __ASSET_JOB - 93a4747d-f4f4-492f-b314-0a5537591e10 - 118485 - jaffle_shop_dbt_assets - STEP_OUTPUT - Yielded output "orders" of type "Nothing". (Type check passed).
[32m2025-10-28 14:51:52 +0000[0m - dagster - [34mDEBUG[0m - __ASSET_JOB - 93a4747d-f4f4-492f-b314-0a5537591e10 - 118485 - jaffle_shop_dbt_assets - ASSET_MATERIALIZATION - Materialized value orders.
[32m2025-10-28 14:51:52 +0000[0m - dagster - [34mDEBUG[0m - __ASSET_JOB - 93a4747d-f4f4-492f-b314-0a5537591e10 - 118485 - jaffle_shop_dbt_assets - STEP_OUTPUT - Yielded output "customers" of type "Nothing". (Type check passed).
[32m2025-10-28 14:51:52 +0000[0m - dagster - [34mDEBUG[0m - __ASSET_JOB - 93a4747d-f4f4-492f-b314-0a5537591e10 - 118485 - jaffle_shop_dbt_assets - ASSET_MATERIALIZATION - Materialized value customers.
[32m2025-10-28 14:51:52 +0000[0m - dagster - [34mDEBUG[0m - __ASSET_JOB - 93a4747d-f4f4-492f-b314-0a5537591e10 - 118485 - jaffle_shop_dbt_assets - STEP_OUTPUT - Yielded output "orders_not_null_orders_amount" of type "Any". (Type check passed).
[32m2025-10-28 14:51:52 +0000[0m - dagster - [34mDEBUG[0m - __ASSET_JOB - 93a4747d-f4f4-492f-b314-0a5537591e10 - 118485 - jaffle_shop_dbt_assets - ASSET_CHECK_EVALUATION - Asset check 'not_null_orders_amount' on 'orders' passed.
[32m2025-10-28 14:51:52 +0000[0m - dagster - [34mDEBUG[0m - __ASSET_JOB - 93a4747d-f4f4-492f-b314-0a5537591e10 - 118485 - jaffle_shop_dbt_assets - STEP_OUTPUT - Yielded output "orders_accepted_values_orders_status__placed__shipped__completed__return_pending__returned" of type "Any". (Type check passed).
[32m2025-10-28 14:51:52 +0000[0m - dagster - [34mDEBUG[0m - __ASSET_JOB - 93a4747d-f4f4-492f-b314-0a5537591e10 - 118485 - jaffle_shop_dbt_assets - ASSET_CHECK_EVALUATION - Asset check 'accepted_values_orders_status__placed__shipped__completed__return_pending__returned' on 'orders' passed.
[32m2025-10-28 14:51:52 +0000[0m - dagster - [34mDEBUG[0m - __ASSET_JOB - 93a4747d-f4f4-492f-b314-0a5537591e10 - 118485 - jaffle_shop_dbt_assets - STEP_OUTPUT - Yielded output "orders_not_null_orders_bank_transfer_amount" of type "Any". (Type check passed).
[32m2025-10-28 14:51:52 +0000[0m - dagster - [34mDEBUG[0m - __ASSET_JOB - 93a4747d-f4f4-492f-b314-0a5537591e10 - 118485 - jaffle_shop_dbt_assets - ASSET_CHECK_EVALUATION - Asset check 'not_null_orders_bank_transfer_amount' on 'orders' passed.
[32m2025-10-28 14:51:52 +0000[0m - dagster - [34mDEBUG[0m - __ASSET_JOB - 93a4747d-f4f4-492f-b314-0a5537591e10 - 118485 - jaffle_shop_dbt_assets - STEP_OUTPUT - Yielded output "orders_not_null_orders_coupon_amount" of type "Any". (Type check passed).
[32m2025-10-28 14:51:52 +0000[0m - dagster - [34mDEBUG[0m - __ASSET_JOB - 93a4747d-f4f4-492f-b314-0a5537591e10 - 118485 - jaffle_shop_dbt_assets - ASSET_CHECK_EVALUATION - Asset check 'not_null_orders_coupon_amount' on 'orders' passed.
[32m2025-10-28 14:51:52 +0000[0m - dagster - [34mDEBUG[0m - __ASSET_JOB - 93a4747d-f4f4-492f-b314-0a5537591e10 - 118485 - jaffle_shop_dbt_assets - STEP_OUTPUT - Yielded output "orders_not_null_orders_credit_card_amount" of type "Any". (Type check passed).
[32m2025-10-28 14:51:52 +0000[0m - dagster - [34mDEBUG[0m - __ASSET_JOB - 93a4747d-f4f4-492f-b314-0a5537591e10 - 118485 - jaffle_shop_dbt_assets - ASSET_CHECK_EVALUATION - Asset check 'not_null_orders_credit_card_amount' on 'orders' passed.
[32m2025-10-28 14:51:52 +0000[0m - dagster - [34mDEBUG[0m - __ASSET_JOB - 93a4747d-f4f4-492f-b314-0a5537591e10 - 118485 - jaffle_shop_dbt_assets - STEP_OUTPUT - Yielded output "orders_not_null_orders_gift_card_amount" of type "Any". (Type check passed).
[32m2025-10-28 14:51:52 +0000[0m - dagster - [34mDEBUG[0m - __ASSET_JOB - 93a4747d-f4f4-492f-b314-0a5537591e10 - 118485 - jaffle_shop_dbt_assets - ASSET_CHECK_EVALUATION - Asset check 'not_null_orders_gift_card_amount' on 'orders' passed.
[32m2025-10-28 14:51:52 +0000[0m - dagster - [34mDEBUG[0m - __ASSET_JOB - 93a4747d-f4f4-492f-b314-0a5537591e10 - 118485 - jaffle_shop_dbt_assets - STEP_OUTPUT - Yielded output "orders_not_null_orders_customer_id" of type "Any". (Type check passed).
[32m2025-10-28 14:51:52 +0000[0m - dagster - [34mDEBUG[0m - __ASSET_JOB - 93a4747d-f4f4-492f-b314-0a5537591e10 - 118485 - jaffle_shop_dbt_assets - ASSET_CHECK_EVALUATION - Asset check 'not_null_orders_customer_id' on 'orders' passed.
[32m2025-10-28 14:51:52 +0000[0m - dagster - [34mDEBUG[0m - __ASSET_JOB - 93a4747d-f4f4-492f-b314-0a5537591e10 - 118485 - jaffle_shop_dbt_assets - STEP_OUTPUT - Yielded output "orders_not_null_orders_order_id" of type "Any". (Type check passed).
[32m2025-10-28 14:51:52 +0000[0m - dagster - [34mDEBUG[0m - __ASSET_JOB - 93a4747d-f4f4-492f-b314-0a5537591e10 - 118485 - jaffle_shop_dbt_assets - ASSET_CHECK_EVALUATION - Asset check 'not_null_orders_order_id' on 'orders' passed.
[32m2025-10-28 14:51:52 +0000[0m - dagster - [34mDEBUG[0m - __ASSET_JOB - 93a4747d-f4f4-492f-b314-0a5537591e10 - 118485 - jaffle_shop_dbt_assets - STEP_OUTPUT - Yielded output "orders_unique_orders_order_id" of type "Any". (Type check passed).
[32m2025-10-28 14:51:52 +0000[0m - dagster - [34mDEBUG[0m - __ASSET_JOB - 93a4747d-f4f4-492f-b314-0a5537591e10 - 118485 - jaffle_shop_dbt_assets - ASSET_CHECK_EVALUATION - Asset check 'unique_orders_order_id' on 'orders' passed.
[32m2025-10-28 14:51:52 +0000[0m - dagster - [34mDEBUG[0m - __ASSET_JOB - 93a4747d-f4f4-492f-b314-0a5537591e10 - 118485 - jaffle_shop_dbt_assets - STEP_OUTPUT - Yielded output "orders_relationships_orders_customer_id__customer_id__ref_customers_" of type "Any". (Type check passed).
[32m2025-10-28 14:51:52 +0000[0m - dagster - [34mDEBUG[0m - __ASSET_JOB - 93a4747d-f4f4-492f-b314-0a5537591e10 - 118485 - jaffle_shop_dbt_assets - ASSET_CHECK_EVALUATION - Asset check 'relationships_orders_customer_id__customer_id__ref_customers_' on 'orders' passed.
[32m2025-10-28 14:51:52 +0000[0m - dagster - [34mDEBUG[0m - __ASSET_JOB - 93a4747d-f4f4-492f-b314-0a5537591e10 - 118485 - jaffle_shop_dbt_assets - STEP_OUTPUT - Yielded output "customers_not_null_customers_customer_id" of type "Any". (Type check passed).
[32m2025-10-28 14:51:52 +0000[0m - dagster - [34mDEBUG[0m - __ASSET_JOB - 93a4747d-f4f4-492f-b314-0a5537591e10 - 118485 - jaffle_shop_dbt_assets - ASSET_CHECK_EVALUATION - Asset check 'not_null_customers_customer_id' on 'customers' passed.
[32m2025-10-28 14:51:52 +0000[0m - dagster - [34mDEBUG[0m - __ASSET_JOB - 93a4747d-f4f4-492f-b314-0a5537591e10 - 118485 - jaffle_shop_dbt_assets - STEP_OUTPUT - Yielded output "customers_unique_customers_customer_id" of type "Any". (Type check passed).
[32m2025-10-28 14:51:52 +0000[0m - dagster - [34mDEBUG[0m - __ASSET_JOB - 93a4747d-f4f4-492f-b314-0a5537591e10 - 118485 - jaffle_shop_dbt_assets - ASSET_CHECK_EVALUATION - Asset check 'unique_customers_customer_id' on 'customers' passed.
[32m2025-10-28 14:51:53 +0000[0m - dagster - [34mINFO[0m - __ASSET_JOB - 93a4747d-f4f4-492f-b314-0a5537591e10 - jaffle_shop_dbt_assets - Finished dbt command: `dbt build --select fqn:*`.
[32m2025-10-28 14:51:53 +0000[0m - dagster - [34mDEBUG[0m - __ASSET_JOB - 93a4747d-f4f4-492f-b314-0a5537591e10 - 118485 - jaffle_shop_dbt_assets - STEP_SUCCESS - Finished execution of step "jaffle_shop_dbt_assets" in 20.05s.
